#
# There is insufficient memory for the Java Runtime Environment to continue.
# Native memory allocation (malloc) failed to allocate 36096 bytes for Chunk::new
# Possible reasons:
#   The system is out of physical RAM or swap space
#   The process is running with CompressedOops enabled, and the Java Heap may be blocking the growth of the native heap
# Possible solutions:
#   Reduce memory load on the system
#   Increase physical memory or swap space
#   Check if swap backing store is full
#   Decrease Java heap size (-Xmx/-Xms)
#   Decrease number of Java threads
#   Decrease Java thread stack sizes (-Xss)
#   Set larger code cache with -XX:ReservedCodeCacheSize=
#   JVM is running with Zero Based Compressed Oops mode in which the Java heap is
#     placed in the first 32GB address space. The Java Heap base address is the
#     maximum limit for the native heap growth. Please use -XX:HeapBaseMinAddress
#     to set the Java Heap base and to place the Java Heap above 32GB virtual address.
# This output file may be truncated or incomplete.
#
#  Out of Memory Error (./src/hotspot/share/memory/arena.cpp:197), pid=30360, tid=4268
#
# JRE version: OpenJDK Runtime Environment Zulu11.50+19-CA (11.0.12+7) (build 11.0.12+7-LTS)
# Java VM: OpenJDK 64-Bit Server VM Zulu11.50+19-CA (11.0.12+7-LTS, mixed mode, tiered, compressed oops, g1 gc, windows-amd64)
# No core dump will be written. Minidumps are not enabled by default on client versions of Windows
#

---------------  S U M M A R Y ------------

Command Line: -ea -Didea.test.cyclic.buffer.size=1048576 -javaagent:C:\Program Files\JetBrains\IntelliJ IDEA Community Edition 2021.3.2\lib\idea_rt.jar=49952:C:\Program Files\JetBrains\IntelliJ IDEA Community Edition 2021.3.2\bin -Dfile.encoding=UTF-8 com.intellij.rt.junit.JUnitStarter -ideVersion5 -junit4 com.javaseleniumtemplate.tests.ReportCaseTests,relatarCaso

Host: Intel(R) Core(TM) i7-7500U CPU @ 2.70GHz, 4 cores, 19G,  Windows 10 , 64 bit Build 19041 (10.0.19041.1566)
Time: Sat Mar 26 14:00:59 2022 Hora oficial do Brasil elapsed time: 0.468382 seconds (0d 0h 0m 0s)

---------------  T H R E A D  ---------------

Current thread (0x0000023a070bc000):  JavaThread "C2 CompilerThread0" daemon [_thread_in_native, id=4268, stack(0x00000057caf00000,0x00000057cb000000)]


Current CompileTask:
C2:    468  243       4       java.lang.AbstractStringBuilder::ensureCapacityInternal (39 bytes)

Stack: [0x00000057caf00000,0x00000057cb000000]
Native frames: (J=compiled Java code, j=interpreted, Vv=VM code, C=native code)
V  [jvm.dll+0x6083fa]
V  [jvm.dll+0x79200e]
V  [jvm.dll+0x7936df]
V  [jvm.dll+0x793da3]
V  [jvm.dll+0x24f6a8]
V  [jvm.dll+0xc219c]
V  [jvm.dll+0xc275c]
V  [jvm.dll+0x2c17d4]
V  [jvm.dll+0x519109]
V  [jvm.dll+0x20d28d]
V  [jvm.dll+0x2071d4]
V  [jvm.dll+0x20417a]
V  [jvm.dll+0x18991c]
V  [jvm.dll+0x213907]
V  [jvm.dll+0x211acb]
V  [jvm.dll+0x755ee9]
V  [jvm.dll+0x74ef44]
V  [jvm.dll+0x607296]
C  [ucrtbase.dll+0x21bb2]
C  [KERNEL32.DLL+0x17034]
C  [ntdll.dll+0x52651]


---------------  P R O C E S S  ---------------

Threads class SMR info:
_java_thread_list=0x0000023a072c99a0, length=11, elements={
0x0000023a07059800, 0x0000023a0705b000, 0x0000023a070b1800, 0x0000023a070b6800,
0x0000023a070b9000, 0x0000023a070bc000, 0x0000023a07120800, 0x0000023a07125800,
0x0000023a7f43b000, 0x0000023a0735e800, 0x0000023a6079d000
}

Java Threads: ( => current thread )
  0x0000023a07059800 JavaThread "Reference Handler" daemon [_thread_blocked, id=2248, stack(0x00000057caa00000,0x00000057cab00000)]
  0x0000023a0705b000 JavaThread "Finalizer" daemon [_thread_blocked, id=3272, stack(0x00000057cab00000,0x00000057cac00000)]
  0x0000023a070b1800 JavaThread "Signal Dispatcher" daemon [_thread_blocked, id=1920, stack(0x00000057cac00000,0x00000057cad00000)]
  0x0000023a070b6800 JavaThread "Attach Listener" daemon [_thread_blocked, id=17160, stack(0x00000057cad00000,0x00000057cae00000)]
  0x0000023a070b9000 JavaThread "Service Thread" daemon [_thread_blocked, id=26392, stack(0x00000057cae00000,0x00000057caf00000)]
=>0x0000023a070bc000 JavaThread "C2 CompilerThread0" daemon [_thread_in_native, id=4268, stack(0x00000057caf00000,0x00000057cb000000)]
  0x0000023a07120800 JavaThread "C1 CompilerThread0" daemon [_thread_blocked, id=9132, stack(0x00000057cb000000,0x00000057cb100000)]
  0x0000023a07125800 JavaThread "Sweeper thread" daemon [_thread_blocked, id=25896, stack(0x00000057cb100000,0x00000057cb200000)]
  0x0000023a7f43b000 JavaThread "Common-Cleaner" daemon [_thread_blocked, id=33464, stack(0x00000057cb200000,0x00000057cb300000)]
  0x0000023a0735e800 JavaThread "Monitor Ctrl-Break" daemon [_thread_in_native, id=6060, stack(0x00000057cb300000,0x00000057cb400000)]
  0x0000023a6079d000 JavaThread "DestroyJavaVM" [_thread_blocked, id=31704, stack(0x00000057ca300000,0x00000057ca400000)]

Other Threads:
  0x0000023a07034800 VMThread "VM Thread" [stack: 0x00000057ca900000,0x00000057caa00000] [id=35412]
  0x0000023a07360800 WatcherThread [stack: 0x00000057cb400000,0x00000057cb500000] [id=35432]
  0x0000023a607b6000 GCTaskThread "GC Thread#0" [stack: 0x00000057ca400000,0x00000057ca500000] [id=34144]
  0x0000023a60826000 ConcurrentGCThread "G1 Main Marker" [stack: 0x00000057ca500000,0x00000057ca600000] [id=10280]
  0x0000023a60829000 ConcurrentGCThread "G1 Conc#0" [stack: 0x00000057ca600000,0x00000057ca700000] [id=19792]
  0x0000023a7f365800 ConcurrentGCThread "G1 Refine#0" [stack: 0x00000057ca700000,0x00000057ca800000] [id=36168]
  0x0000023a7f366800 ConcurrentGCThread "G1 Young RemSet Sampling" [stack: 0x00000057ca800000,0x00000057ca900000] [id=35056]

Threads with active compile tasks:
C2 CompilerThread0    497  243       4       java.lang.AbstractStringBuilder::ensureCapacityInternal (39 bytes)

VM state:not at safepoint (normal execution)

VM Mutex/Monitor currently owned by a thread: None

OutOfMemory and StackOverflow Exception counts:
OutOfMemoryError java_heap_errors=3

Heap address: 0x00000006c1e00000, size: 5090 MB, Compressed Oops mode: Zero based, Oop shift amount: 3
Narrow klass base: 0x0000000800000000, Narrow klass shift: 0
Compressed class space size: 1073741824 Address: 0x0000000800000000

Heap:
 garbage-first heap   total 327680K, used 2048K [0x00000006c1e00000, 0x0000000800000000)
  region size 1024K, 4 young (4096K), 0 survivors (0K)
 Metaspace       used 6614K, capacity 6742K, committed 6784K, reserved 1056768K
  class space    used 579K, capacity 603K, committed 640K, reserved 1048576K
Heap Regions: E=young(eden), S=young(survivor), O=old, HS=humongous(starts), HC=humongous(continues), CS=collection set, F=free, A=archive, TAMS=top-at-mark-start (previous, next)
|   0|0x00000006c1e00000, 0x00000006c1e00000, 0x00000006c1f00000|  0%| F|  |TAMS 0x00000006c1e00000, 0x00000006c1e00000| Untracked 
|   1|0x00000006c1f00000, 0x00000006c1f00000, 0x00000006c2000000|  0%| F|  |TAMS 0x00000006c1f00000, 0x00000006c1f00000| Untracked 
|   2|0x00000006c2000000, 0x00000006c2000000, 0x00000006c2100000|  0%| F|  |TAMS 0x00000006c2000000, 0x00000006c2000000| Untracked 
|   3|0x00000006c2100000, 0x00000006c2100000, 0x00000006c2200000|  0%| F|  |TAMS 0x00000006c2100000, 0x00000006c2100000| Untracked 
|   4|0x00000006c2200000, 0x00000006c2200000, 0x00000006c2300000|  0%| F|  |TAMS 0x00000006c2200000, 0x00000006c2200000| Untracked 
|   5|0x00000006c2300000, 0x00000006c2300000, 0x00000006c2400000|  0%| F|  |TAMS 0x00000006c2300000, 0x00000006c2300000| Untracked 
|   6|0x00000006c2400000, 0x00000006c2400000, 0x00000006c2500000|  0%| F|  |TAMS 0x00000006c2400000, 0x00000006c2400000| Untracked 
|   7|0x00000006c2500000, 0x00000006c2500000, 0x00000006c2600000|  0%| F|  |TAMS 0x00000006c2500000, 0x00000006c2500000| Untracked 
|   8|0x00000006c2600000, 0x00000006c2600000, 0x00000006c2700000|  0%| F|  |TAMS 0x00000006c2600000, 0x00000006c2600000| Untracked 
|   9|0x00000006c2700000, 0x00000006c2700000, 0x00000006c2800000|  0%| F|  |TAMS 0x00000006c2700000, 0x00000006c2700000| Untracked 
|  10|0x00000006c2800000, 0x00000006c2800000, 0x00000006c2900000|  0%| F|  |TAMS 0x00000006c2800000, 0x00000006c2800000| Untracked 
|  11|0x00000006c2900000, 0x00000006c2900000, 0x00000006c2a00000|  0%| F|  |TAMS 0x00000006c2900000, 0x00000006c2900000| Untracked 
|  12|0x00000006c2a00000, 0x00000006c2a00000, 0x00000006c2b00000|  0%| F|  |TAMS 0x00000006c2a00000, 0x00000006c2a00000| Untracked 
|  13|0x00000006c2b00000, 0x00000006c2b00000, 0x00000006c2c00000|  0%| F|  |TAMS 0x00000006c2b00000, 0x00000006c2b00000| Untracked 
|  14|0x00000006c2c00000, 0x00000006c2c00000, 0x00000006c2d00000|  0%| F|  |TAMS 0x00000006c2c00000, 0x00000006c2c00000| Untracked 
|  15|0x00000006c2d00000, 0x00000006c2d00000, 0x00000006c2e00000|  0%| F|  |TAMS 0x00000006c2d00000, 0x00000006c2d00000| Untracked 
|  16|0x00000006c2e00000, 0x00000006c2e00000, 0x00000006c2f00000|  0%| F|  |TAMS 0x00000006c2e00000, 0x00000006c2e00000| Untracked 
|  17|0x00000006c2f00000, 0x00000006c2f00000, 0x00000006c3000000|  0%| F|  |TAMS 0x00000006c2f00000, 0x00000006c2f00000| Untracked 
|  18|0x00000006c3000000, 0x00000006c3000000, 0x00000006c3100000|  0%| F|  |TAMS 0x00000006c3000000, 0x00000006c3000000| Untracked 
|  19|0x00000006c3100000, 0x00000006c3100000, 0x00000006c3200000|  0%| F|  |TAMS 0x00000006c3100000, 0x00000006c3100000| Untracked 
|  20|0x00000006c3200000, 0x00000006c3200000, 0x00000006c3300000|  0%| F|  |TAMS 0x00000006c3200000, 0x00000006c3200000| Untracked 
|  21|0x00000006c3300000, 0x00000006c3300000, 0x00000006c3400000|  0%| F|  |TAMS 0x00000006c3300000, 0x00000006c3300000| Untracked 
|  22|0x00000006c3400000, 0x00000006c3400000, 0x00000006c3500000|  0%| F|  |TAMS 0x00000006c3400000, 0x00000006c3400000| Untracked 
|  23|0x00000006c3500000, 0x00000006c3500000, 0x00000006c3600000|  0%| F|  |TAMS 0x00000006c3500000, 0x00000006c3500000| Untracked 
|  24|0x00000006c3600000, 0x00000006c3600000, 0x00000006c3700000|  0%| F|  |TAMS 0x00000006c3600000, 0x00000006c3600000| Untracked 
|  25|0x00000006c3700000, 0x00000006c3700000, 0x00000006c3800000|  0%| F|  |TAMS 0x00000006c3700000, 0x00000006c3700000| Untracked 
|  26|0x00000006c3800000, 0x00000006c3800000, 0x00000006c3900000|  0%| F|  |TAMS 0x00000006c3800000, 0x00000006c3800000| Untracked 
|  27|0x00000006c3900000, 0x00000006c3900000, 0x00000006c3a00000|  0%| F|  |TAMS 0x00000006c3900000, 0x00000006c3900000| Untracked 
|  28|0x00000006c3a00000, 0x00000006c3a00000, 0x00000006c3b00000|  0%| F|  |TAMS 0x00000006c3a00000, 0x00000006c3a00000| Untracked 
|  29|0x00000006c3b00000, 0x00000006c3b00000, 0x00000006c3c00000|  0%| F|  |TAMS 0x00000006c3b00000, 0x00000006c3b00000| Untracked 
|  30|0x00000006c3c00000, 0x00000006c3c00000, 0x00000006c3d00000|  0%| F|  |TAMS 0x00000006c3c00000, 0x00000006c3c00000| Untracked 
|  31|0x00000006c3d00000, 0x00000006c3d00000, 0x00000006c3e00000|  0%| F|  |TAMS 0x00000006c3d00000, 0x00000006c3d00000| Untracked 
|  32|0x00000006c3e00000, 0x00000006c3e00000, 0x00000006c3f00000|  0%| F|  |TAMS 0x00000006c3e00000, 0x00000006c3e00000| Untracked 
|  33|0x00000006c3f00000, 0x00000006c3f00000, 0x00000006c4000000|  0%| F|  |TAMS 0x00000006c3f00000, 0x00000006c3f00000| Untracked 
|  34|0x00000006c4000000, 0x00000006c4000000, 0x00000006c4100000|  0%| F|  |TAMS 0x00000006c4000000, 0x00000006c4000000| Untracked 
|  35|0x00000006c4100000, 0x00000006c4100000, 0x00000006c4200000|  0%| F|  |TAMS 0x00000006c4100000, 0x00000006c4100000| Untracked 
|  36|0x00000006c4200000, 0x00000006c4200000, 0x00000006c4300000|  0%| F|  |TAMS 0x00000006c4200000, 0x00000006c4200000| Untracked 
|  37|0x00000006c4300000, 0x00000006c4300000, 0x00000006c4400000|  0%| F|  |TAMS 0x00000006c4300000, 0x00000006c4300000| Untracked 
|  38|0x00000006c4400000, 0x00000006c4400000, 0x00000006c4500000|  0%| F|  |TAMS 0x00000006c4400000, 0x00000006c4400000| Untracked 
|  39|0x00000006c4500000, 0x00000006c4500000, 0x00000006c4600000|  0%| F|  |TAMS 0x00000006c4500000, 0x00000006c4500000| Untracked 
|  40|0x00000006c4600000, 0x00000006c4600000, 0x00000006c4700000|  0%| F|  |TAMS 0x00000006c4600000, 0x00000006c4600000| Untracked 
|  41|0x00000006c4700000, 0x00000006c4700000, 0x00000006c4800000|  0%| F|  |TAMS 0x00000006c4700000, 0x00000006c4700000| Untracked 
|  42|0x00000006c4800000, 0x00000006c4800000, 0x00000006c4900000|  0%| F|  |TAMS 0x00000006c4800000, 0x00000006c4800000| Untracked 
|  43|0x00000006c4900000, 0x00000006c4900000, 0x00000006c4a00000|  0%| F|  |TAMS 0x00000006c4900000, 0x00000006c4900000| Untracked 
|  44|0x00000006c4a00000, 0x00000006c4a00000, 0x00000006c4b00000|  0%| F|  |TAMS 0x00000006c4a00000, 0x00000006c4a00000| Untracked 
|  45|0x00000006c4b00000, 0x00000006c4b00000, 0x00000006c4c00000|  0%| F|  |TAMS 0x00000006c4b00000, 0x00000006c4b00000| Untracked 
|  46|0x00000006c4c00000, 0x00000006c4c00000, 0x00000006c4d00000|  0%| F|  |TAMS 0x00000006c4c00000, 0x00000006c4c00000| Untracked 
|  47|0x00000006c4d00000, 0x00000006c4d00000, 0x00000006c4e00000|  0%| F|  |TAMS 0x00000006c4d00000, 0x00000006c4d00000| Untracked 
|  48|0x00000006c4e00000, 0x00000006c4e00000, 0x00000006c4f00000|  0%| F|  |TAMS 0x00000006c4e00000, 0x00000006c4e00000| Untracked 
|  49|0x00000006c4f00000, 0x00000006c4f00000, 0x00000006c5000000|  0%| F|  |TAMS 0x00000006c4f00000, 0x00000006c4f00000| Untracked 
|  50|0x00000006c5000000, 0x00000006c5000000, 0x00000006c5100000|  0%| F|  |TAMS 0x00000006c5000000, 0x00000006c5000000| Untracked 
|  51|0x00000006c5100000, 0x00000006c5100000, 0x00000006c5200000|  0%| F|  |TAMS 0x00000006c5100000, 0x00000006c5100000| Untracked 
|  52|0x00000006c5200000, 0x00000006c5200000, 0x00000006c5300000|  0%| F|  |TAMS 0x00000006c5200000, 0x00000006c5200000| Untracked 
|  53|0x00000006c5300000, 0x00000006c5300000, 0x00000006c5400000|  0%| F|  |TAMS 0x00000006c5300000, 0x00000006c5300000| Untracked 
|  54|0x00000006c5400000, 0x00000006c5400000, 0x00000006c5500000|  0%| F|  |TAMS 0x00000006c5400000, 0x00000006c5400000| Untracked 
|  55|0x00000006c5500000, 0x00000006c5500000, 0x00000006c5600000|  0%| F|  |TAMS 0x00000006c5500000, 0x00000006c5500000| Untracked 
|  56|0x00000006c5600000, 0x00000006c5600000, 0x00000006c5700000|  0%| F|  |TAMS 0x00000006c5600000, 0x00000006c5600000| Untracked 
|  57|0x00000006c5700000, 0x00000006c5700000, 0x00000006c5800000|  0%| F|  |TAMS 0x00000006c5700000, 0x00000006c5700000| Untracked 
|  58|0x00000006c5800000, 0x00000006c5800000, 0x00000006c5900000|  0%| F|  |TAMS 0x00000006c5800000, 0x00000006c5800000| Untracked 
|  59|0x00000006c5900000, 0x00000006c5900000, 0x00000006c5a00000|  0%| F|  |TAMS 0x00000006c5900000, 0x00000006c5900000| Untracked 
|  60|0x00000006c5a00000, 0x00000006c5a00000, 0x00000006c5b00000|  0%| F|  |TAMS 0x00000006c5a00000, 0x00000006c5a00000| Untracked 
|  61|0x00000006c5b00000, 0x00000006c5b00000, 0x00000006c5c00000|  0%| F|  |TAMS 0x00000006c5b00000, 0x00000006c5b00000| Untracked 
|  62|0x00000006c5c00000, 0x00000006c5c00000, 0x00000006c5d00000|  0%| F|  |TAMS 0x00000006c5c00000, 0x00000006c5c00000| Untracked 
|  63|0x00000006c5d00000, 0x00000006c5d00000, 0x00000006c5e00000|  0%| F|  |TAMS 0x00000006c5d00000, 0x00000006c5d00000| Untracked 
|  64|0x00000006c5e00000, 0x00000006c5e00000, 0x00000006c5f00000|  0%| F|  |TAMS 0x00000006c5e00000, 0x00000006c5e00000| Untracked 
|  65|0x00000006c5f00000, 0x00000006c5f00000, 0x00000006c6000000|  0%| F|  |TAMS 0x00000006c5f00000, 0x00000006c5f00000| Untracked 
|  66|0x00000006c6000000, 0x00000006c6000000, 0x00000006c6100000|  0%| F|  |TAMS 0x00000006c6000000, 0x00000006c6000000| Untracked 
|  67|0x00000006c6100000, 0x00000006c6100000, 0x00000006c6200000|  0%| F|  |TAMS 0x00000006c6100000, 0x00000006c6100000| Untracked 
|  68|0x00000006c6200000, 0x00000006c6200000, 0x00000006c6300000|  0%| F|  |TAMS 0x00000006c6200000, 0x00000006c6200000| Untracked 
|  69|0x00000006c6300000, 0x00000006c6300000, 0x00000006c6400000|  0%| F|  |TAMS 0x00000006c6300000, 0x00000006c6300000| Untracked 
|  70|0x00000006c6400000, 0x00000006c6400000, 0x00000006c6500000|  0%| F|  |TAMS 0x00000006c6400000, 0x00000006c6400000| Untracked 
|  71|0x00000006c6500000, 0x00000006c6500000, 0x00000006c6600000|  0%| F|  |TAMS 0x00000006c6500000, 0x00000006c6500000| Untracked 
|  72|0x00000006c6600000, 0x00000006c6600000, 0x00000006c6700000|  0%| F|  |TAMS 0x00000006c6600000, 0x00000006c6600000| Untracked 
|  73|0x00000006c6700000, 0x00000006c6700000, 0x00000006c6800000|  0%| F|  |TAMS 0x00000006c6700000, 0x00000006c6700000| Untracked 
|  74|0x00000006c6800000, 0x00000006c6800000, 0x00000006c6900000|  0%| F|  |TAMS 0x00000006c6800000, 0x00000006c6800000| Untracked 
|  75|0x00000006c6900000, 0x00000006c6900000, 0x00000006c6a00000|  0%| F|  |TAMS 0x00000006c6900000, 0x00000006c6900000| Untracked 
|  76|0x00000006c6a00000, 0x00000006c6a00000, 0x00000006c6b00000|  0%| F|  |TAMS 0x00000006c6a00000, 0x00000006c6a00000| Untracked 
|  77|0x00000006c6b00000, 0x00000006c6b00000, 0x00000006c6c00000|  0%| F|  |TAMS 0x00000006c6b00000, 0x00000006c6b00000| Untracked 
|  78|0x00000006c6c00000, 0x00000006c6c00000, 0x00000006c6d00000|  0%| F|  |TAMS 0x00000006c6c00000, 0x00000006c6c00000| Untracked 
|  79|0x00000006c6d00000, 0x00000006c6d00000, 0x00000006c6e00000|  0%| F|  |TAMS 0x00000006c6d00000, 0x00000006c6d00000| Untracked 
|  80|0x00000006c6e00000, 0x00000006c6e00000, 0x00000006c6f00000|  0%| F|  |TAMS 0x00000006c6e00000, 0x00000006c6e00000| Untracked 
|  81|0x00000006c6f00000, 0x00000006c6f00000, 0x00000006c7000000|  0%| F|  |TAMS 0x00000006c6f00000, 0x00000006c6f00000| Untracked 
|  82|0x00000006c7000000, 0x00000006c7000000, 0x00000006c7100000|  0%| F|  |TAMS 0x00000006c7000000, 0x00000006c7000000| Untracked 
|  83|0x00000006c7100000, 0x00000006c7100000, 0x00000006c7200000|  0%| F|  |TAMS 0x00000006c7100000, 0x00000006c7100000| Untracked 
|  84|0x00000006c7200000, 0x00000006c7200000, 0x00000006c7300000|  0%| F|  |TAMS 0x00000006c7200000, 0x00000006c7200000| Untracked 
|  85|0x00000006c7300000, 0x00000006c7300000, 0x00000006c7400000|  0%| F|  |TAMS 0x00000006c7300000, 0x00000006c7300000| Untracked 
|  86|0x00000006c7400000, 0x00000006c7400000, 0x00000006c7500000|  0%| F|  |TAMS 0x00000006c7400000, 0x00000006c7400000| Untracked 
|  87|0x00000006c7500000, 0x00000006c7500000, 0x00000006c7600000|  0%| F|  |TAMS 0x00000006c7500000, 0x00000006c7500000| Untracked 
|  88|0x00000006c7600000, 0x00000006c7600000, 0x00000006c7700000|  0%| F|  |TAMS 0x00000006c7600000, 0x00000006c7600000| Untracked 
|  89|0x00000006c7700000, 0x00000006c7700000, 0x00000006c7800000|  0%| F|  |TAMS 0x00000006c7700000, 0x00000006c7700000| Untracked 
|  90|0x00000006c7800000, 0x00000006c7800000, 0x00000006c7900000|  0%| F|  |TAMS 0x00000006c7800000, 0x00000006c7800000| Untracked 
|  91|0x00000006c7900000, 0x00000006c7900000, 0x00000006c7a00000|  0%| F|  |TAMS 0x00000006c7900000, 0x00000006c7900000| Untracked 
|  92|0x00000006c7a00000, 0x00000006c7a00000, 0x00000006c7b00000|  0%| F|  |TAMS 0x00000006c7a00000, 0x00000006c7a00000| Untracked 
|  93|0x00000006c7b00000, 0x00000006c7b00000, 0x00000006c7c00000|  0%| F|  |TAMS 0x00000006c7b00000, 0x00000006c7b00000| Untracked 
|  94|0x00000006c7c00000, 0x00000006c7c00000, 0x00000006c7d00000|  0%| F|  |TAMS 0x00000006c7c00000, 0x00000006c7c00000| Untracked 
|  95|0x00000006c7d00000, 0x00000006c7d00000, 0x00000006c7e00000|  0%| F|  |TAMS 0x00000006c7d00000, 0x00000006c7d00000| Untracked 
|  96|0x00000006c7e00000, 0x00000006c7e00000, 0x00000006c7f00000|  0%| F|  |TAMS 0x00000006c7e00000, 0x00000006c7e00000| Untracked 
|  97|0x00000006c7f00000, 0x00000006c7f00000, 0x00000006c8000000|  0%| F|  |TAMS 0x00000006c7f00000, 0x00000006c7f00000| Untracked 
|  98|0x00000006c8000000, 0x00000006c8000000, 0x00000006c8100000|  0%| F|  |TAMS 0x00000006c8000000, 0x00000006c8000000| Untracked 
|  99|0x00000006c8100000, 0x00000006c8100000, 0x00000006c8200000|  0%| F|  |TAMS 0x00000006c8100000, 0x00000006c8100000| Untracked 
| 100|0x00000006c8200000, 0x00000006c8200000, 0x00000006c8300000|  0%| F|  |TAMS 0x00000006c8200000, 0x00000006c8200000| Untracked 
| 101|0x00000006c8300000, 0x00000006c8300000, 0x00000006c8400000|  0%| F|  |TAMS 0x00000006c8300000, 0x00000006c8300000| Untracked 
| 102|0x00000006c8400000, 0x00000006c8400000, 0x00000006c8500000|  0%| F|  |TAMS 0x00000006c8400000, 0x00000006c8400000| Untracked 
| 103|0x00000006c8500000, 0x00000006c8500000, 0x00000006c8600000|  0%| F|  |TAMS 0x00000006c8500000, 0x00000006c8500000| Untracked 
| 104|0x00000006c8600000, 0x00000006c8600000, 0x00000006c8700000|  0%| F|  |TAMS 0x00000006c8600000, 0x00000006c8600000| Untracked 
| 105|0x00000006c8700000, 0x00000006c8700000, 0x00000006c8800000|  0%| F|  |TAMS 0x00000006c8700000, 0x00000006c8700000| Untracked 
| 106|0x00000006c8800000, 0x00000006c8800000, 0x00000006c8900000|  0%| F|  |TAMS 0x00000006c8800000, 0x00000006c8800000| Untracked 
| 107|0x00000006c8900000, 0x00000006c8900000, 0x00000006c8a00000|  0%| F|  |TAMS 0x00000006c8900000, 0x00000006c8900000| Untracked 
| 108|0x00000006c8a00000, 0x00000006c8a00000, 0x00000006c8b00000|  0%| F|  |TAMS 0x00000006c8a00000, 0x00000006c8a00000| Untracked 
| 109|0x00000006c8b00000, 0x00000006c8b00000, 0x00000006c8c00000|  0%| F|  |TAMS 0x00000006c8b00000, 0x00000006c8b00000| Untracked 
| 110|0x00000006c8c00000, 0x00000006c8c00000, 0x00000006c8d00000|  0%| F|  |TAMS 0x00000006c8c00000, 0x00000006c8c00000| Untracked 
| 111|0x00000006c8d00000, 0x00000006c8d00000, 0x00000006c8e00000|  0%| F|  |TAMS 0x00000006c8d00000, 0x00000006c8d00000| Untracked 
| 112|0x00000006c8e00000, 0x00000006c8e00000, 0x00000006c8f00000|  0%| F|  |TAMS 0x00000006c8e00000, 0x00000006c8e00000| Untracked 
| 113|0x00000006c8f00000, 0x00000006c8f00000, 0x00000006c9000000|  0%| F|  |TAMS 0x00000006c8f00000, 0x00000006c8f00000| Untracked 
| 114|0x00000006c9000000, 0x00000006c9000000, 0x00000006c9100000|  0%| F|  |TAMS 0x00000006c9000000, 0x00000006c9000000| Untracked 
| 115|0x00000006c9100000, 0x00000006c9100000, 0x00000006c9200000|  0%| F|  |TAMS 0x00000006c9100000, 0x00000006c9100000| Untracked 
| 116|0x00000006c9200000, 0x00000006c9200000, 0x00000006c9300000|  0%| F|  |TAMS 0x00000006c9200000, 0x00000006c9200000| Untracked 
| 117|0x00000006c9300000, 0x00000006c9300000, 0x00000006c9400000|  0%| F|  |TAMS 0x00000006c9300000, 0x00000006c9300000| Untracked 
| 118|0x00000006c9400000, 0x00000006c9400000, 0x00000006c9500000|  0%| F|  |TAMS 0x00000006c9400000, 0x00000006c9400000| Untracked 
| 119|0x00000006c9500000, 0x00000006c9500000, 0x00000006c9600000|  0%| F|  |TAMS 0x00000006c9500000, 0x00000006c9500000| Untracked 
| 120|0x00000006c9600000, 0x00000006c9600000, 0x00000006c9700000|  0%| F|  |TAMS 0x00000006c9600000, 0x00000006c9600000| Untracked 
| 121|0x00000006c9700000, 0x00000006c9700000, 0x00000006c9800000|  0%| F|  |TAMS 0x00000006c9700000, 0x00000006c9700000| Untracked 
| 122|0x00000006c9800000, 0x00000006c9800000, 0x00000006c9900000|  0%| F|  |TAMS 0x00000006c9800000, 0x00000006c9800000| Untracked 
| 123|0x00000006c9900000, 0x00000006c9900000, 0x00000006c9a00000|  0%| F|  |TAMS 0x00000006c9900000, 0x00000006c9900000| Untracked 
| 124|0x00000006c9a00000, 0x00000006c9a00000, 0x00000006c9b00000|  0%| F|  |TAMS 0x00000006c9a00000, 0x00000006c9a00000| Untracked 
| 125|0x00000006c9b00000, 0x00000006c9b00000, 0x00000006c9c00000|  0%| F|  |TAMS 0x00000006c9b00000, 0x00000006c9b00000| Untracked 
| 126|0x00000006c9c00000, 0x00000006c9c00000, 0x00000006c9d00000|  0%| F|  |TAMS 0x00000006c9c00000, 0x00000006c9c00000| Untracked 
| 127|0x00000006c9d00000, 0x00000006c9d00000, 0x00000006c9e00000|  0%| F|  |TAMS 0x00000006c9d00000, 0x00000006c9d00000| Untracked 
| 128|0x00000006c9e00000, 0x00000006c9e00000, 0x00000006c9f00000|  0%| F|  |TAMS 0x00000006c9e00000, 0x00000006c9e00000| Untracked 
| 129|0x00000006c9f00000, 0x00000006c9f00000, 0x00000006ca000000|  0%| F|  |TAMS 0x00000006c9f00000, 0x00000006c9f00000| Untracked 
| 130|0x00000006ca000000, 0x00000006ca000000, 0x00000006ca100000|  0%| F|  |TAMS 0x00000006ca000000, 0x00000006ca000000| Untracked 
| 131|0x00000006ca100000, 0x00000006ca100000, 0x00000006ca200000|  0%| F|  |TAMS 0x00000006ca100000, 0x00000006ca100000| Untracked 
| 132|0x00000006ca200000, 0x00000006ca200000, 0x00000006ca300000|  0%| F|  |TAMS 0x00000006ca200000, 0x00000006ca200000| Untracked 
| 133|0x00000006ca300000, 0x00000006ca300000, 0x00000006ca400000|  0%| F|  |TAMS 0x00000006ca300000, 0x00000006ca300000| Untracked 
| 134|0x00000006ca400000, 0x00000006ca400000, 0x00000006ca500000|  0%| F|  |TAMS 0x00000006ca400000, 0x00000006ca400000| Untracked 
| 135|0x00000006ca500000, 0x00000006ca500000, 0x00000006ca600000|  0%| F|  |TAMS 0x00000006ca500000, 0x00000006ca500000| Untracked 
| 136|0x00000006ca600000, 0x00000006ca600000, 0x00000006ca700000|  0%| F|  |TAMS 0x00000006ca600000, 0x00000006ca600000| Untracked 
| 137|0x00000006ca700000, 0x00000006ca700000, 0x00000006ca800000|  0%| F|  |TAMS 0x00000006ca700000, 0x00000006ca700000| Untracked 
| 138|0x00000006ca800000, 0x00000006ca800000, 0x00000006ca900000|  0%| F|  |TAMS 0x00000006ca800000, 0x00000006ca800000| Untracked 
| 139|0x00000006ca900000, 0x00000006ca900000, 0x00000006caa00000|  0%| F|  |TAMS 0x00000006ca900000, 0x00000006ca900000| Untracked 
| 140|0x00000006caa00000, 0x00000006caa00000, 0x00000006cab00000|  0%| F|  |TAMS 0x00000006caa00000, 0x00000006caa00000| Untracked 
| 141|0x00000006cab00000, 0x00000006cab00000, 0x00000006cac00000|  0%| F|  |TAMS 0x00000006cab00000, 0x00000006cab00000| Untracked 
| 142|0x00000006cac00000, 0x00000006cac00000, 0x00000006cad00000|  0%| F|  |TAMS 0x00000006cac00000, 0x00000006cac00000| Untracked 
| 143|0x00000006cad00000, 0x00000006cad00000, 0x00000006cae00000|  0%| F|  |TAMS 0x00000006cad00000, 0x00000006cad00000| Untracked 
| 144|0x00000006cae00000, 0x00000006cae00000, 0x00000006caf00000|  0%| F|  |TAMS 0x00000006cae00000, 0x00000006cae00000| Untracked 
| 145|0x00000006caf00000, 0x00000006caf00000, 0x00000006cb000000|  0%| F|  |TAMS 0x00000006caf00000, 0x00000006caf00000| Untracked 
| 146|0x00000006cb000000, 0x00000006cb000000, 0x00000006cb100000|  0%| F|  |TAMS 0x00000006cb000000, 0x00000006cb000000| Untracked 
| 147|0x00000006cb100000, 0x00000006cb100000, 0x00000006cb200000|  0%| F|  |TAMS 0x00000006cb100000, 0x00000006cb100000| Untracked 
| 148|0x00000006cb200000, 0x00000006cb200000, 0x00000006cb300000|  0%| F|  |TAMS 0x00000006cb200000, 0x00000006cb200000| Untracked 
| 149|0x00000006cb300000, 0x00000006cb300000, 0x00000006cb400000|  0%| F|  |TAMS 0x00000006cb300000, 0x00000006cb300000| Untracked 
| 150|0x00000006cb400000, 0x00000006cb400000, 0x00000006cb500000|  0%| F|  |TAMS 0x00000006cb400000, 0x00000006cb400000| Untracked 
| 151|0x00000006cb500000, 0x00000006cb500000, 0x00000006cb600000|  0%| F|  |TAMS 0x00000006cb500000, 0x00000006cb500000| Untracked 
| 152|0x00000006cb600000, 0x00000006cb600000, 0x00000006cb700000|  0%| F|  |TAMS 0x00000006cb600000, 0x00000006cb600000| Untracked 
| 153|0x00000006cb700000, 0x00000006cb700000, 0x00000006cb800000|  0%| F|  |TAMS 0x00000006cb700000, 0x00000006cb700000| Untracked 
| 154|0x00000006cb800000, 0x00000006cb800000, 0x00000006cb900000|  0%| F|  |TAMS 0x00000006cb800000, 0x00000006cb800000| Untracked 
| 155|0x00000006cb900000, 0x00000006cb900000, 0x00000006cba00000|  0%| F|  |TAMS 0x00000006cb900000, 0x00000006cb900000| Untracked 
| 156|0x00000006cba00000, 0x00000006cba00000, 0x00000006cbb00000|  0%| F|  |TAMS 0x00000006cba00000, 0x00000006cba00000| Untracked 
| 157|0x00000006cbb00000, 0x00000006cbb00000, 0x00000006cbc00000|  0%| F|  |TAMS 0x00000006cbb00000, 0x00000006cbb00000| Untracked 
| 158|0x00000006cbc00000, 0x00000006cbc00000, 0x00000006cbd00000|  0%| F|  |TAMS 0x00000006cbc00000, 0x00000006cbc00000| Untracked 
| 159|0x00000006cbd00000, 0x00000006cbd00000, 0x00000006cbe00000|  0%| F|  |TAMS 0x00000006cbd00000, 0x00000006cbd00000| Untracked 
| 160|0x00000006cbe00000, 0x00000006cbe00000, 0x00000006cbf00000|  0%| F|  |TAMS 0x00000006cbe00000, 0x00000006cbe00000| Untracked 
| 161|0x00000006cbf00000, 0x00000006cbf00000, 0x00000006cc000000|  0%| F|  |TAMS 0x00000006cbf00000, 0x00000006cbf00000| Untracked 
| 162|0x00000006cc000000, 0x00000006cc000000, 0x00000006cc100000|  0%| F|  |TAMS 0x00000006cc000000, 0x00000006cc000000| Untracked 
| 163|0x00000006cc100000, 0x00000006cc100000, 0x00000006cc200000|  0%| F|  |TAMS 0x00000006cc100000, 0x00000006cc100000| Untracked 
| 164|0x00000006cc200000, 0x00000006cc200000, 0x00000006cc300000|  0%| F|  |TAMS 0x00000006cc200000, 0x00000006cc200000| Untracked 
| 165|0x00000006cc300000, 0x00000006cc300000, 0x00000006cc400000|  0%| F|  |TAMS 0x00000006cc300000, 0x00000006cc300000| Untracked 
| 166|0x00000006cc400000, 0x00000006cc400000, 0x00000006cc500000|  0%| F|  |TAMS 0x00000006cc400000, 0x00000006cc400000| Untracked 
| 167|0x00000006cc500000, 0x00000006cc500000, 0x00000006cc600000|  0%| F|  |TAMS 0x00000006cc500000, 0x00000006cc500000| Untracked 
| 168|0x00000006cc600000, 0x00000006cc600000, 0x00000006cc700000|  0%| F|  |TAMS 0x00000006cc600000, 0x00000006cc600000| Untracked 
| 169|0x00000006cc700000, 0x00000006cc700000, 0x00000006cc800000|  0%| F|  |TAMS 0x00000006cc700000, 0x00000006cc700000| Untracked 
| 170|0x00000006cc800000, 0x00000006cc800000, 0x00000006cc900000|  0%| F|  |TAMS 0x00000006cc800000, 0x00000006cc800000| Untracked 
| 171|0x00000006cc900000, 0x00000006cc900000, 0x00000006cca00000|  0%| F|  |TAMS 0x00000006cc900000, 0x00000006cc900000| Untracked 
| 172|0x00000006cca00000, 0x00000006cca00000, 0x00000006ccb00000|  0%| F|  |TAMS 0x00000006cca00000, 0x00000006cca00000| Untracked 
| 173|0x00000006ccb00000, 0x00000006ccb00000, 0x00000006ccc00000|  0%| F|  |TAMS 0x00000006ccb00000, 0x00000006ccb00000| Untracked 
| 174|0x00000006ccc00000, 0x00000006ccc00000, 0x00000006ccd00000|  0%| F|  |TAMS 0x00000006ccc00000, 0x00000006ccc00000| Untracked 
| 175|0x00000006ccd00000, 0x00000006ccd00000, 0x00000006cce00000|  0%| F|  |TAMS 0x00000006ccd00000, 0x00000006ccd00000| Untracked 
| 176|0x00000006cce00000, 0x00000006cce00000, 0x00000006ccf00000|  0%| F|  |TAMS 0x00000006cce00000, 0x00000006cce00000| Untracked 
| 177|0x00000006ccf00000, 0x00000006ccf00000, 0x00000006cd000000|  0%| F|  |TAMS 0x00000006ccf00000, 0x00000006ccf00000| Untracked 
| 178|0x00000006cd000000, 0x00000006cd000000, 0x00000006cd100000|  0%| F|  |TAMS 0x00000006cd000000, 0x00000006cd000000| Untracked 
| 179|0x00000006cd100000, 0x00000006cd100000, 0x00000006cd200000|  0%| F|  |TAMS 0x00000006cd100000, 0x00000006cd100000| Untracked 
| 180|0x00000006cd200000, 0x00000006cd200000, 0x00000006cd300000|  0%| F|  |TAMS 0x00000006cd200000, 0x00000006cd200000| Untracked 
| 181|0x00000006cd300000, 0x00000006cd300000, 0x00000006cd400000|  0%| F|  |TAMS 0x00000006cd300000, 0x00000006cd300000| Untracked 
| 182|0x00000006cd400000, 0x00000006cd400000, 0x00000006cd500000|  0%| F|  |TAMS 0x00000006cd400000, 0x00000006cd400000| Untracked 
| 183|0x00000006cd500000, 0x00000006cd500000, 0x00000006cd600000|  0%| F|  |TAMS 0x00000006cd500000, 0x00000006cd500000| Untracked 
| 184|0x00000006cd600000, 0x00000006cd600000, 0x00000006cd700000|  0%| F|  |TAMS 0x00000006cd600000, 0x00000006cd600000| Untracked 
| 185|0x00000006cd700000, 0x00000006cd700000, 0x00000006cd800000|  0%| F|  |TAMS 0x00000006cd700000, 0x00000006cd700000| Untracked 
| 186|0x00000006cd800000, 0x00000006cd800000, 0x00000006cd900000|  0%| F|  |TAMS 0x00000006cd800000, 0x00000006cd800000| Untracked 
| 187|0x00000006cd900000, 0x00000006cd900000, 0x00000006cda00000|  0%| F|  |TAMS 0x00000006cd900000, 0x00000006cd900000| Untracked 
| 188|0x00000006cda00000, 0x00000006cda00000, 0x00000006cdb00000|  0%| F|  |TAMS 0x00000006cda00000, 0x00000006cda00000| Untracked 
| 189|0x00000006cdb00000, 0x00000006cdb00000, 0x00000006cdc00000|  0%| F|  |TAMS 0x00000006cdb00000, 0x00000006cdb00000| Untracked 
| 190|0x00000006cdc00000, 0x00000006cdc00000, 0x00000006cdd00000|  0%| F|  |TAMS 0x00000006cdc00000, 0x00000006cdc00000| Untracked 
| 191|0x00000006cdd00000, 0x00000006cdd00000, 0x00000006cde00000|  0%| F|  |TAMS 0x00000006cdd00000, 0x00000006cdd00000| Untracked 
| 192|0x00000006cde00000, 0x00000006cde00000, 0x00000006cdf00000|  0%| F|  |TAMS 0x00000006cde00000, 0x00000006cde00000| Untracked 
| 193|0x00000006cdf00000, 0x00000006cdf00000, 0x00000006ce000000|  0%| F|  |TAMS 0x00000006cdf00000, 0x00000006cdf00000| Untracked 
| 194|0x00000006ce000000, 0x00000006ce000000, 0x00000006ce100000|  0%| F|  |TAMS 0x00000006ce000000, 0x00000006ce000000| Untracked 
| 195|0x00000006ce100000, 0x00000006ce100000, 0x00000006ce200000|  0%| F|  |TAMS 0x00000006ce100000, 0x00000006ce100000| Untracked 
| 196|0x00000006ce200000, 0x00000006ce200000, 0x00000006ce300000|  0%| F|  |TAMS 0x00000006ce200000, 0x00000006ce200000| Untracked 
| 197|0x00000006ce300000, 0x00000006ce300000, 0x00000006ce400000|  0%| F|  |TAMS 0x00000006ce300000, 0x00000006ce300000| Untracked 
| 198|0x00000006ce400000, 0x00000006ce400000, 0x00000006ce500000|  0%| F|  |TAMS 0x00000006ce400000, 0x00000006ce400000| Untracked 
| 199|0x00000006ce500000, 0x00000006ce500000, 0x00000006ce600000|  0%| F|  |TAMS 0x00000006ce500000, 0x00000006ce500000| Untracked 
| 200|0x00000006ce600000, 0x00000006ce600000, 0x00000006ce700000|  0%| F|  |TAMS 0x00000006ce600000, 0x00000006ce600000| Untracked 
| 201|0x00000006ce700000, 0x00000006ce700000, 0x00000006ce800000|  0%| F|  |TAMS 0x00000006ce700000, 0x00000006ce700000| Untracked 
| 202|0x00000006ce800000, 0x00000006ce800000, 0x00000006ce900000|  0%| F|  |TAMS 0x00000006ce800000, 0x00000006ce800000| Untracked 
| 203|0x00000006ce900000, 0x00000006ce900000, 0x00000006cea00000|  0%| F|  |TAMS 0x00000006ce900000, 0x00000006ce900000| Untracked 
| 204|0x00000006cea00000, 0x00000006cea00000, 0x00000006ceb00000|  0%| F|  |TAMS 0x00000006cea00000, 0x00000006cea00000| Untracked 
| 205|0x00000006ceb00000, 0x00000006ceb00000, 0x00000006cec00000|  0%| F|  |TAMS 0x00000006ceb00000, 0x00000006ceb00000| Untracked 
| 206|0x00000006cec00000, 0x00000006cec00000, 0x00000006ced00000|  0%| F|  |TAMS 0x00000006cec00000, 0x00000006cec00000| Untracked 
| 207|0x00000006ced00000, 0x00000006ced00000, 0x00000006cee00000|  0%| F|  |TAMS 0x00000006ced00000, 0x00000006ced00000| Untracked 
| 208|0x00000006cee00000, 0x00000006cee00000, 0x00000006cef00000|  0%| F|  |TAMS 0x00000006cee00000, 0x00000006cee00000| Untracked 
| 209|0x00000006cef00000, 0x00000006cef00000, 0x00000006cf000000|  0%| F|  |TAMS 0x00000006cef00000, 0x00000006cef00000| Untracked 
| 210|0x00000006cf000000, 0x00000006cf000000, 0x00000006cf100000|  0%| F|  |TAMS 0x00000006cf000000, 0x00000006cf000000| Untracked 
| 211|0x00000006cf100000, 0x00000006cf100000, 0x00000006cf200000|  0%| F|  |TAMS 0x00000006cf100000, 0x00000006cf100000| Untracked 
| 212|0x00000006cf200000, 0x00000006cf200000, 0x00000006cf300000|  0%| F|  |TAMS 0x00000006cf200000, 0x00000006cf200000| Untracked 
| 213|0x00000006cf300000, 0x00000006cf300000, 0x00000006cf400000|  0%| F|  |TAMS 0x00000006cf300000, 0x00000006cf300000| Untracked 
| 214|0x00000006cf400000, 0x00000006cf400000, 0x00000006cf500000|  0%| F|  |TAMS 0x00000006cf400000, 0x00000006cf400000| Untracked 
| 215|0x00000006cf500000, 0x00000006cf500000, 0x00000006cf600000|  0%| F|  |TAMS 0x00000006cf500000, 0x00000006cf500000| Untracked 
| 216|0x00000006cf600000, 0x00000006cf600000, 0x00000006cf700000|  0%| F|  |TAMS 0x00000006cf600000, 0x00000006cf600000| Untracked 
| 217|0x00000006cf700000, 0x00000006cf700000, 0x00000006cf800000|  0%| F|  |TAMS 0x00000006cf700000, 0x00000006cf700000| Untracked 
| 218|0x00000006cf800000, 0x00000006cf800000, 0x00000006cf900000|  0%| F|  |TAMS 0x00000006cf800000, 0x00000006cf800000| Untracked 
| 219|0x00000006cf900000, 0x00000006cf900000, 0x00000006cfa00000|  0%| F|  |TAMS 0x00000006cf900000, 0x00000006cf900000| Untracked 
| 220|0x00000006cfa00000, 0x00000006cfa00000, 0x00000006cfb00000|  0%| F|  |TAMS 0x00000006cfa00000, 0x00000006cfa00000| Untracked 
| 221|0x00000006cfb00000, 0x00000006cfb00000, 0x00000006cfc00000|  0%| F|  |TAMS 0x00000006cfb00000, 0x00000006cfb00000| Untracked 
| 222|0x00000006cfc00000, 0x00000006cfc00000, 0x00000006cfd00000|  0%| F|  |TAMS 0x00000006cfc00000, 0x00000006cfc00000| Untracked 
| 223|0x00000006cfd00000, 0x00000006cfd00000, 0x00000006cfe00000|  0%| F|  |TAMS 0x00000006cfd00000, 0x00000006cfd00000| Untracked 
| 224|0x00000006cfe00000, 0x00000006cfe00000, 0x00000006cff00000|  0%| F|  |TAMS 0x00000006cfe00000, 0x00000006cfe00000| Untracked 
| 225|0x00000006cff00000, 0x00000006cff00000, 0x00000006d0000000|  0%| F|  |TAMS 0x00000006cff00000, 0x00000006cff00000| Untracked 
| 226|0x00000006d0000000, 0x00000006d0000000, 0x00000006d0100000|  0%| F|  |TAMS 0x00000006d0000000, 0x00000006d0000000| Untracked 
| 227|0x00000006d0100000, 0x00000006d0100000, 0x00000006d0200000|  0%| F|  |TAMS 0x00000006d0100000, 0x00000006d0100000| Untracked 
| 228|0x00000006d0200000, 0x00000006d0200000, 0x00000006d0300000|  0%| F|  |TAMS 0x00000006d0200000, 0x00000006d0200000| Untracked 
| 229|0x00000006d0300000, 0x00000006d0300000, 0x00000006d0400000|  0%| F|  |TAMS 0x00000006d0300000, 0x00000006d0300000| Untracked 
| 230|0x00000006d0400000, 0x00000006d0400000, 0x00000006d0500000|  0%| F|  |TAMS 0x00000006d0400000, 0x00000006d0400000| Untracked 
| 231|0x00000006d0500000, 0x00000006d0500000, 0x00000006d0600000|  0%| F|  |TAMS 0x00000006d0500000, 0x00000006d0500000| Untracked 
| 232|0x00000006d0600000, 0x00000006d0600000, 0x00000006d0700000|  0%| F|  |TAMS 0x00000006d0600000, 0x00000006d0600000| Untracked 
| 233|0x00000006d0700000, 0x00000006d0700000, 0x00000006d0800000|  0%| F|  |TAMS 0x00000006d0700000, 0x00000006d0700000| Untracked 
| 234|0x00000006d0800000, 0x00000006d0800000, 0x00000006d0900000|  0%| F|  |TAMS 0x00000006d0800000, 0x00000006d0800000| Untracked 
| 235|0x00000006d0900000, 0x00000006d0900000, 0x00000006d0a00000|  0%| F|  |TAMS 0x00000006d0900000, 0x00000006d0900000| Untracked 
| 236|0x00000006d0a00000, 0x00000006d0a00000, 0x00000006d0b00000|  0%| F|  |TAMS 0x00000006d0a00000, 0x00000006d0a00000| Untracked 
| 237|0x00000006d0b00000, 0x00000006d0b00000, 0x00000006d0c00000|  0%| F|  |TAMS 0x00000006d0b00000, 0x00000006d0b00000| Untracked 
| 238|0x00000006d0c00000, 0x00000006d0c00000, 0x00000006d0d00000|  0%| F|  |TAMS 0x00000006d0c00000, 0x00000006d0c00000| Untracked 
| 239|0x00000006d0d00000, 0x00000006d0d00000, 0x00000006d0e00000|  0%| F|  |TAMS 0x00000006d0d00000, 0x00000006d0d00000| Untracked 
| 240|0x00000006d0e00000, 0x00000006d0e00000, 0x00000006d0f00000|  0%| F|  |TAMS 0x00000006d0e00000, 0x00000006d0e00000| Untracked 
| 241|0x00000006d0f00000, 0x00000006d0f00000, 0x00000006d1000000|  0%| F|  |TAMS 0x00000006d0f00000, 0x00000006d0f00000| Untracked 
| 242|0x00000006d1000000, 0x00000006d1000000, 0x00000006d1100000|  0%| F|  |TAMS 0x00000006d1000000, 0x00000006d1000000| Untracked 
| 243|0x00000006d1100000, 0x00000006d1100000, 0x00000006d1200000|  0%| F|  |TAMS 0x00000006d1100000, 0x00000006d1100000| Untracked 
| 244|0x00000006d1200000, 0x00000006d1200000, 0x00000006d1300000|  0%| F|  |TAMS 0x00000006d1200000, 0x00000006d1200000| Untracked 
| 245|0x00000006d1300000, 0x00000006d1300000, 0x00000006d1400000|  0%| F|  |TAMS 0x00000006d1300000, 0x00000006d1300000| Untracked 
| 246|0x00000006d1400000, 0x00000006d1400000, 0x00000006d1500000|  0%| F|  |TAMS 0x00000006d1400000, 0x00000006d1400000| Untracked 
| 247|0x00000006d1500000, 0x00000006d1500000, 0x00000006d1600000|  0%| F|  |TAMS 0x00000006d1500000, 0x00000006d1500000| Untracked 
| 248|0x00000006d1600000, 0x00000006d1600000, 0x00000006d1700000|  0%| F|  |TAMS 0x00000006d1600000, 0x00000006d1600000| Untracked 
| 249|0x00000006d1700000, 0x00000006d1700000, 0x00000006d1800000|  0%| F|  |TAMS 0x00000006d1700000, 0x00000006d1700000| Untracked 
| 250|0x00000006d1800000, 0x00000006d1800000, 0x00000006d1900000|  0%| F|  |TAMS 0x00000006d1800000, 0x00000006d1800000| Untracked 
| 251|0x00000006d1900000, 0x00000006d1900000, 0x00000006d1a00000|  0%| F|  |TAMS 0x00000006d1900000, 0x00000006d1900000| Untracked 
| 252|0x00000006d1a00000, 0x00000006d1a00000, 0x00000006d1b00000|  0%| F|  |TAMS 0x00000006d1a00000, 0x00000006d1a00000| Untracked 
| 253|0x00000006d1b00000, 0x00000006d1b00000, 0x00000006d1c00000|  0%| F|  |TAMS 0x00000006d1b00000, 0x00000006d1b00000| Untracked 
| 254|0x00000006d1c00000, 0x00000006d1c00000, 0x00000006d1d00000|  0%| F|  |TAMS 0x00000006d1c00000, 0x00000006d1c00000| Untracked 
| 255|0x00000006d1d00000, 0x00000006d1d00000, 0x00000006d1e00000|  0%| F|  |TAMS 0x00000006d1d00000, 0x00000006d1d00000| Untracked 
| 256|0x00000006d1e00000, 0x00000006d1e00000, 0x00000006d1f00000|  0%| F|  |TAMS 0x00000006d1e00000, 0x00000006d1e00000| Untracked 
| 257|0x00000006d1f00000, 0x00000006d1f00000, 0x00000006d2000000|  0%| F|  |TAMS 0x00000006d1f00000, 0x00000006d1f00000| Untracked 
| 258|0x00000006d2000000, 0x00000006d2000000, 0x00000006d2100000|  0%| F|  |TAMS 0x00000006d2000000, 0x00000006d2000000| Untracked 
| 259|0x00000006d2100000, 0x00000006d2100000, 0x00000006d2200000|  0%| F|  |TAMS 0x00000006d2100000, 0x00000006d2100000| Untracked 
| 260|0x00000006d2200000, 0x00000006d2200000, 0x00000006d2300000|  0%| F|  |TAMS 0x00000006d2200000, 0x00000006d2200000| Untracked 
| 261|0x00000006d2300000, 0x00000006d2300000, 0x00000006d2400000|  0%| F|  |TAMS 0x00000006d2300000, 0x00000006d2300000| Untracked 
| 262|0x00000006d2400000, 0x00000006d2400000, 0x00000006d2500000|  0%| F|  |TAMS 0x00000006d2400000, 0x00000006d2400000| Untracked 
| 263|0x00000006d2500000, 0x00000006d2500000, 0x00000006d2600000|  0%| F|  |TAMS 0x00000006d2500000, 0x00000006d2500000| Untracked 
| 264|0x00000006d2600000, 0x00000006d2600000, 0x00000006d2700000|  0%| F|  |TAMS 0x00000006d2600000, 0x00000006d2600000| Untracked 
| 265|0x00000006d2700000, 0x00000006d2700000, 0x00000006d2800000|  0%| F|  |TAMS 0x00000006d2700000, 0x00000006d2700000| Untracked 
| 266|0x00000006d2800000, 0x00000006d2800000, 0x00000006d2900000|  0%| F|  |TAMS 0x00000006d2800000, 0x00000006d2800000| Untracked 
| 267|0x00000006d2900000, 0x00000006d2900000, 0x00000006d2a00000|  0%| F|  |TAMS 0x00000006d2900000, 0x00000006d2900000| Untracked 
| 268|0x00000006d2a00000, 0x00000006d2a00000, 0x00000006d2b00000|  0%| F|  |TAMS 0x00000006d2a00000, 0x00000006d2a00000| Untracked 
| 269|0x00000006d2b00000, 0x00000006d2b00000, 0x00000006d2c00000|  0%| F|  |TAMS 0x00000006d2b00000, 0x00000006d2b00000| Untracked 
| 270|0x00000006d2c00000, 0x00000006d2c00000, 0x00000006d2d00000|  0%| F|  |TAMS 0x00000006d2c00000, 0x00000006d2c00000| Untracked 
| 271|0x00000006d2d00000, 0x00000006d2d00000, 0x00000006d2e00000|  0%| F|  |TAMS 0x00000006d2d00000, 0x00000006d2d00000| Untracked 
| 272|0x00000006d2e00000, 0x00000006d2e00000, 0x00000006d2f00000|  0%| F|  |TAMS 0x00000006d2e00000, 0x00000006d2e00000| Untracked 
| 273|0x00000006d2f00000, 0x00000006d2f00000, 0x00000006d3000000|  0%| F|  |TAMS 0x00000006d2f00000, 0x00000006d2f00000| Untracked 
| 274|0x00000006d3000000, 0x00000006d3000000, 0x00000006d3100000|  0%| F|  |TAMS 0x00000006d3000000, 0x00000006d3000000| Untracked 
| 275|0x00000006d3100000, 0x00000006d3100000, 0x00000006d3200000|  0%| F|  |TAMS 0x00000006d3100000, 0x00000006d3100000| Untracked 
| 276|0x00000006d3200000, 0x00000006d3200000, 0x00000006d3300000|  0%| F|  |TAMS 0x00000006d3200000, 0x00000006d3200000| Untracked 
| 277|0x00000006d3300000, 0x00000006d3300000, 0x00000006d3400000|  0%| F|  |TAMS 0x00000006d3300000, 0x00000006d3300000| Untracked 
| 278|0x00000006d3400000, 0x00000006d3400000, 0x00000006d3500000|  0%| F|  |TAMS 0x00000006d3400000, 0x00000006d3400000| Untracked 
| 279|0x00000006d3500000, 0x00000006d3500000, 0x00000006d3600000|  0%| F|  |TAMS 0x00000006d3500000, 0x00000006d3500000| Untracked 
| 280|0x00000006d3600000, 0x00000006d3600000, 0x00000006d3700000|  0%| F|  |TAMS 0x00000006d3600000, 0x00000006d3600000| Untracked 
| 281|0x00000006d3700000, 0x00000006d3700000, 0x00000006d3800000|  0%| F|  |TAMS 0x00000006d3700000, 0x00000006d3700000| Untracked 
| 282|0x00000006d3800000, 0x00000006d3800000, 0x00000006d3900000|  0%| F|  |TAMS 0x00000006d3800000, 0x00000006d3800000| Untracked 
| 283|0x00000006d3900000, 0x00000006d3900000, 0x00000006d3a00000|  0%| F|  |TAMS 0x00000006d3900000, 0x00000006d3900000| Untracked 
| 284|0x00000006d3a00000, 0x00000006d3a00000, 0x00000006d3b00000|  0%| F|  |TAMS 0x00000006d3a00000, 0x00000006d3a00000| Untracked 
| 285|0x00000006d3b00000, 0x00000006d3b00000, 0x00000006d3c00000|  0%| F|  |TAMS 0x00000006d3b00000, 0x00000006d3b00000| Untracked 
| 286|0x00000006d3c00000, 0x00000006d3c00000, 0x00000006d3d00000|  0%| F|  |TAMS 0x00000006d3c00000, 0x00000006d3c00000| Untracked 
| 287|0x00000006d3d00000, 0x00000006d3d00000, 0x00000006d3e00000|  0%| F|  |TAMS 0x00000006d3d00000, 0x00000006d3d00000| Untracked 
| 288|0x00000006d3e00000, 0x00000006d3e00000, 0x00000006d3f00000|  0%| F|  |TAMS 0x00000006d3e00000, 0x00000006d3e00000| Untracked 
| 289|0x00000006d3f00000, 0x00000006d3f00000, 0x00000006d4000000|  0%| F|  |TAMS 0x00000006d3f00000, 0x00000006d3f00000| Untracked 
| 290|0x00000006d4000000, 0x00000006d4000000, 0x00000006d4100000|  0%| F|  |TAMS 0x00000006d4000000, 0x00000006d4000000| Untracked 
| 291|0x00000006d4100000, 0x00000006d4100000, 0x00000006d4200000|  0%| F|  |TAMS 0x00000006d4100000, 0x00000006d4100000| Untracked 
| 292|0x00000006d4200000, 0x00000006d4200000, 0x00000006d4300000|  0%| F|  |TAMS 0x00000006d4200000, 0x00000006d4200000| Untracked 
| 293|0x00000006d4300000, 0x00000006d4300000, 0x00000006d4400000|  0%| F|  |TAMS 0x00000006d4300000, 0x00000006d4300000| Untracked 
| 294|0x00000006d4400000, 0x00000006d4400000, 0x00000006d4500000|  0%| F|  |TAMS 0x00000006d4400000, 0x00000006d4400000| Untracked 
| 295|0x00000006d4500000, 0x00000006d4500000, 0x00000006d4600000|  0%| F|  |TAMS 0x00000006d4500000, 0x00000006d4500000| Untracked 
| 296|0x00000006d4600000, 0x00000006d4600000, 0x00000006d4700000|  0%| F|  |TAMS 0x00000006d4600000, 0x00000006d4600000| Untracked 
| 297|0x00000006d4700000, 0x00000006d4700000, 0x00000006d4800000|  0%| F|  |TAMS 0x00000006d4700000, 0x00000006d4700000| Untracked 
| 298|0x00000006d4800000, 0x00000006d4800000, 0x00000006d4900000|  0%| F|  |TAMS 0x00000006d4800000, 0x00000006d4800000| Untracked 
| 299|0x00000006d4900000, 0x00000006d4900000, 0x00000006d4a00000|  0%| F|  |TAMS 0x00000006d4900000, 0x00000006d4900000| Untracked 
| 300|0x00000006d4a00000, 0x00000006d4a00000, 0x00000006d4b00000|  0%| F|  |TAMS 0x00000006d4a00000, 0x00000006d4a00000| Untracked 
| 301|0x00000006d4b00000, 0x00000006d4b00000, 0x00000006d4c00000|  0%| F|  |TAMS 0x00000006d4b00000, 0x00000006d4b00000| Untracked 
| 302|0x00000006d4c00000, 0x00000006d4c00000, 0x00000006d4d00000|  0%| F|  |TAMS 0x00000006d4c00000, 0x00000006d4c00000| Untracked 
| 303|0x00000006d4d00000, 0x00000006d4d00000, 0x00000006d4e00000|  0%| F|  |TAMS 0x00000006d4d00000, 0x00000006d4d00000| Untracked 
| 304|0x00000006d4e00000, 0x00000006d4e00000, 0x00000006d4f00000|  0%| F|  |TAMS 0x00000006d4e00000, 0x00000006d4e00000| Untracked 
| 305|0x00000006d4f00000, 0x00000006d4f00000, 0x00000006d5000000|  0%| F|  |TAMS 0x00000006d4f00000, 0x00000006d4f00000| Untracked 
| 306|0x00000006d5000000, 0x00000006d5000000, 0x00000006d5100000|  0%| F|  |TAMS 0x00000006d5000000, 0x00000006d5000000| Untracked 
| 307|0x00000006d5100000, 0x00000006d5100000, 0x00000006d5200000|  0%| F|  |TAMS 0x00000006d5100000, 0x00000006d5100000| Untracked 
| 308|0x00000006d5200000, 0x00000006d5200000, 0x00000006d5300000|  0%| F|  |TAMS 0x00000006d5200000, 0x00000006d5200000| Untracked 
| 309|0x00000006d5300000, 0x00000006d5300000, 0x00000006d5400000|  0%| F|  |TAMS 0x00000006d5300000, 0x00000006d5300000| Untracked 
| 310|0x00000006d5400000, 0x00000006d5400000, 0x00000006d5500000|  0%| F|  |TAMS 0x00000006d5400000, 0x00000006d5400000| Untracked 
| 311|0x00000006d5500000, 0x00000006d5500000, 0x00000006d5600000|  0%| F|  |TAMS 0x00000006d5500000, 0x00000006d5500000| Untracked 
| 312|0x00000006d5600000, 0x00000006d5600000, 0x00000006d5700000|  0%| F|  |TAMS 0x00000006d5600000, 0x00000006d5600000| Untracked 
| 313|0x00000006d5700000, 0x00000006d5700000, 0x00000006d5800000|  0%| F|  |TAMS 0x00000006d5700000, 0x00000006d5700000| Untracked 
| 314|0x00000006d5800000, 0x00000006d5800000, 0x00000006d5900000|  0%| F|  |TAMS 0x00000006d5800000, 0x00000006d5800000| Untracked 
| 315|0x00000006d5900000, 0x00000006d5900000, 0x00000006d5a00000|  0%| F|  |TAMS 0x00000006d5900000, 0x00000006d5900000| Untracked 
| 316|0x00000006d5a00000, 0x00000006d5a30c88, 0x00000006d5b00000| 19%| E|  |TAMS 0x00000006d5a00000, 0x00000006d5a00000| Complete 
| 317|0x00000006d5b00000, 0x00000006d5c00000, 0x00000006d5c00000|100%| E|  |TAMS 0x00000006d5b00000, 0x00000006d5b00000| Complete 
| 318|0x00000006d5c00000, 0x00000006d5d00000, 0x00000006d5d00000|100%| E|CS|TAMS 0x00000006d5c00000, 0x00000006d5c00000| Complete 
| 319|0x00000006d5d00000, 0x00000006d5e00000, 0x00000006d5e00000|100%| E|CS|TAMS 0x00000006d5d00000, 0x00000006d5d00000| Complete 

Card table byte_map: [0x0000023a78ba0000,0x0000023a795a0000] _byte_map_base: 0x0000023a75591000

Marking Bits (Prev, Next): (CMBitMap*) 0x0000023a60811848, (CMBitMap*) 0x0000023a60811880
 Prev Bits: [0x0000023a79fa0000, 0x0000023a7ef28000)
 Next Bits: [0x0000023a00000000, 0x0000023a04f88000)

Polling page: 0x0000023a5e6f0000

Metaspace:

Usage:
  Non-class:      6.00 MB capacity,     5.89 MB ( 98%) used,    98.88 KB (  2%) free+waste,     4.19 KB ( <1%) overhead. 
      Class:    603.00 KB capacity,   579.00 KB ( 96%) used,    22.25 KB (  4%) free+waste,     1.75 KB ( <1%) overhead. 
       Both:      6.58 MB capacity,     6.46 MB ( 98%) used,   121.13 KB (  2%) free+waste,     5.94 KB ( <1%) overhead. 

Virtual space:
  Non-class space:        8.00 MB reserved,       6.00 MB ( 75%) committed 
      Class space:        1.00 GB reserved,     640.00 KB ( <1%) committed 
             Both:        1.01 GB reserved,       6.63 MB ( <1%) committed 

Chunk freelists:
   Non-Class:  5.00 KB
       Class:  5.00 KB
        Both:  10.00 KB

MaxMetaspaceSize: 17179869184.00 GB
CompressedClassSpaceSize: 1.00 GB
Initial GC threshold: 20.80 MB
Current GC threshold: 20.80 MB
CDS: off

CodeHeap 'non-profiled nmethods': size=120064Kb used=78Kb max_used=78Kb free=119985Kb
 bounds [0x0000023a70c60000, 0x0000023a70ed0000, 0x0000023a781a0000]
CodeHeap 'profiled nmethods': size=120000Kb used=298Kb max_used=298Kb free=119701Kb
 bounds [0x0000023a69730000, 0x0000023a699a0000, 0x0000023a70c60000]
CodeHeap 'non-nmethods': size=5696Kb used=1104Kb max_used=1116Kb free=4591Kb
 bounds [0x0000023a691a0000, 0x0000023a69410000, 0x0000023a69730000]
 total_blobs=593 nmethods=252 adapters=254
 compilation: enabled
              stopped_count=0, restarted_count=0
 full_count=0

Compilation events (20 events):
Event: 0.451 Thread 0x0000023a07120800 nmethod 233 0x0000023a69776310 code [0x0000023a697764e0, 0x0000023a697766c8]
Event: 0.453 Thread 0x0000023a07120800  234       1       java.io.File::getPath (5 bytes)
Event: 0.453 Thread 0x0000023a07120800 nmethod 234 0x0000023a70c71d90 code [0x0000023a70c71f40, 0x0000023a70c71ff8]
Event: 0.454 Thread 0x0000023a070bc000  235       4       java.util.zip.ZipFile$Source::hashN (26 bytes)
Event: 0.455 Thread 0x0000023a070bc000 nmethod 235 0x0000023a70c72090 code [0x0000023a70c72220, 0x0000023a70c722f8]
Event: 0.456 Thread 0x0000023a070bc000  236   !   4       java.util.zip.ZipFile$Source::checkUTF8 (43 bytes)
Event: 0.459 Thread 0x0000023a070bc000 nmethod 236 0x0000023a70c72410 code [0x0000023a70c725a0, 0x0000023a70c72798]
Event: 0.459 Thread 0x0000023a070bc000  237       4       java.util.zip.ZipFile$Source::addEntry (33 bytes)
Event: 0.460 Thread 0x0000023a070bc000 nmethod 237 0x0000023a70c72890 code [0x0000023a70c72a20, 0x0000023a70c72b18]
Event: 0.460 Thread 0x0000023a07120800  238       3       java.lang.Math::max (11 bytes)
Event: 0.461 Thread 0x0000023a07120800 nmethod 238 0x0000023a69776790 code [0x0000023a69776940, 0x0000023a69776a78]
Event: 0.461 Thread 0x0000023a07120800  239       3       java.io.WinNTFileSystem::normalize (143 bytes)
Event: 0.461 Thread 0x0000023a070bc000  240       4       java.lang.CharacterData::of (120 bytes)
Event: 0.462 Thread 0x0000023a070bc000 nmethod 240 0x0000023a70c72c10 code [0x0000023a70c72da0, 0x0000023a70c72e18]
Event: 0.462 Thread 0x0000023a07120800 nmethod 239 0x0000023a69776b10 code [0x0000023a69776da0, 0x0000023a697778f8]
Event: 0.463 Thread 0x0000023a07120800  241       1       java.lang.Integer::intValue (5 bytes)
Event: 0.463 Thread 0x0000023a07120800 nmethod 241 0x0000023a70c72f10 code [0x0000023a70c730c0, 0x0000023a70c73178]
Event: 0.464 Thread 0x0000023a070bc000  242       4       java.lang.Character::toLowerCase (9 bytes)
Event: 0.465 Thread 0x0000023a070bc000 nmethod 242 0x0000023a70c73210 code [0x0000023a70c733a0, 0x0000023a70c73458]
Event: 0.465 Thread 0x0000023a070bc000  243       4       java.lang.AbstractStringBuilder::ensureCapacityInternal (39 bytes)

GC Heap History (0 events):
No events

Deoptimization events (8 events):
Event: 0.364 Thread 0x0000023a6079d000 Uncommon trap: trap_request=0xffffff4d fr.pc=0x0000023a70c6df58 relative=0x0000000000000b58
Event: 0.364 Thread 0x0000023a6079d000 Uncommon trap: reason=unstable_if action=reinterpret pc=0x0000023a70c6df58 method=java.util.HashMap.putVal(ILjava/lang/Object;Ljava/lang/Object;ZZ)Ljava/lang/Object; @ 69 c2
Event: 0.364 Thread 0x0000023a6079d000 DEOPT PACKING pc=0x0000023a70c6df58 sp=0x00000057ca3fe970
Event: 0.364 Thread 0x0000023a6079d000 DEOPT UNPACKING pc=0x0000023a691ea1af sp=0x00000057ca3fe910 mode 2
Event: 0.430 Thread 0x0000023a6079d000 Uncommon trap: trap_request=0xffffff4d fr.pc=0x0000023a70c61914 relative=0x0000000000000074
Event: 0.430 Thread 0x0000023a6079d000 Uncommon trap: reason=unstable_if action=reinterpret pc=0x0000023a70c61914 method=java.lang.String.isLatin1()Z @ 10 c2
Event: 0.430 Thread 0x0000023a6079d000 DEOPT PACKING pc=0x0000023a70c61914 sp=0x00000057ca3feab0
Event: 0.430 Thread 0x0000023a6079d000 DEOPT UNPACKING pc=0x0000023a691ea1af sp=0x00000057ca3fe9f0 mode 2

Classes redefined (0 events):
No events

Internal exceptions (3 events):
Event: 0.465 Thread 0x0000023a6079d000 Exception <a 'java/lang/OutOfMemoryError'{0x00000006d5b34530}> (0x00000006d5b34530) thrown at [./src/hotspot/share/prims/jni.cpp, line 636]
Event: 0.465 Thread 0x0000023a6079d000 Exception <a 'java/lang/OutOfMemoryError'{0x00000006d5b34530}> (0x00000006d5b34530) thrown at [./src/hotspot/share/prims/jvm.cpp, line 1313]
Event: 0.465 Thread 0x0000023a6079d000 Exception <a 'java/lang/OutOfMemoryError'{0x00000006d5b34530}> (0x00000006d5b34530) thrown at [./src/hotspot/share/prims/jvm.cpp, line 1313]

Events (20 events):
Event: 0.449 loading class sun/net/NetHooks
Event: 0.449 loading class sun/net/NetHooks done
Event: 0.450 loading class java/io/BufferedReader
Event: 0.450 loading class java/io/BufferedReader done
Event: 0.450 loading class java/net/Socket$2
Event: 0.450 loading class java/net/Socket$2 done
Event: 0.450 loading class java/net/SocketInputStream
Event: 0.450 loading class java/net/SocketInputStream done
Event: 0.450 loading class sun/nio/cs/StreamDecoder
Event: 0.450 loading class sun/nio/cs/StreamDecoder done
Event: 0.451 loading class sun/nio/cs/US_ASCII$Decoder
Event: 0.451 loading class sun/nio/cs/US_ASCII$Decoder done
Event: 0.465 loading class java/util/zip/DataFormatException
Event: 0.465 loading class java/util/zip/DataFormatException done
Event: 0.465 loading class java/security/PrivilegedActionException
Event: 0.465 loading class java/security/PrivilegedActionException done
Event: 0.466 loading class java/lang/Throwable$WrappedPrintStream
Event: 0.466 loading class java/lang/Throwable$PrintStreamOrWriter
Event: 0.466 loading class java/lang/Throwable$PrintStreamOrWriter done
Event: 0.466 loading class java/lang/Throwable$WrappedPrintStream done


Dynamic libraries:
0x00007ff636b80000 - 0x00007ff636b8d000 	C:\Program Files\Java\zulu11.50.19-ca-jdk11.0.12-win_x64\bin\java.exe
0x00007ffad2dd0000 - 0x00007ffad2fc5000 	C:\Windows\SYSTEM32\ntdll.dll
0x00007ffad2ca0000 - 0x00007ffad2d5e000 	C:\Windows\System32\KERNEL32.DLL
0x00007ffad07b0000 - 0x00007ffad0a78000 	C:\Windows\System32\KERNELBASE.dll
0x00007ffad0cd0000 - 0x00007ffad0dd0000 	C:\Windows\System32\ucrtbase.dll
0x00007ffac7470000 - 0x00007ffac7487000 	C:\Program Files\Java\zulu11.50.19-ca-jdk11.0.12-win_x64\bin\jli.dll
0x00007ffad2960000 - 0x00007ffad2b00000 	C:\Windows\System32\USER32.dll
0x00007ffad0580000 - 0x00007ffad05a2000 	C:\Windows\System32\win32u.dll
0x00007ffad23b0000 - 0x00007ffad23db000 	C:\Windows\System32\GDI32.dll
0x00007ffad0a80000 - 0x00007ffad0b8b000 	C:\Windows\System32\gdi32full.dll
0x00007ffad0710000 - 0x00007ffad07ad000 	C:\Windows\System32\msvcp_win.dll
0x00007ffacf8d0000 - 0x00007ffacfb6a000 	C:\Windows\WinSxS\amd64_microsoft.windows.common-controls_6595b64144ccf1df_6.0.19041.1110_none_60b5254171f9507e\COMCTL32.dll
0x00007ffac79a0000 - 0x00007ffac79b5000 	C:\Program Files\Java\zulu11.50.19-ca-jdk11.0.12-win_x64\bin\VCRUNTIME140.dll
0x00007ffad1720000 - 0x00007ffad17be000 	C:\Windows\System32\msvcrt.dll
0x00007ffad0e00000 - 0x00007ffad0e30000 	C:\Windows\System32\IMM32.DLL
0x00007ffab7fb0000 - 0x00007ffab804b000 	C:\Program Files\Java\zulu11.50.19-ca-jdk11.0.12-win_x64\bin\msvcp140.dll
0x00007ffa77e60000 - 0x00007ffa789c4000 	C:\Program Files\Java\zulu11.50.19-ca-jdk11.0.12-win_x64\bin\server\jvm.dll
0x00007ffad1180000 - 0x00007ffad122e000 	C:\Windows\System32\ADVAPI32.dll
0x00007ffad0f00000 - 0x00007ffad0f9c000 	C:\Windows\System32\sechost.dll
0x00007ffad21c0000 - 0x00007ffad22e5000 	C:\Windows\System32\RPCRT4.dll
0x00007ffad1710000 - 0x00007ffad1718000 	C:\Windows\System32\PSAPI.DLL
0x00007ffab7ce0000 - 0x00007ffab7ce9000 	C:\Windows\SYSTEM32\WSOCK32.dll
0x00007ffad28f0000 - 0x00007ffad295b000 	C:\Windows\System32\WS2_32.dll
0x00007ffac2e00000 - 0x00007ffac2e27000 	C:\Windows\SYSTEM32\WINMM.dll
0x00007ffac4610000 - 0x00007ffac461a000 	C:\Windows\SYSTEM32\VERSION.dll
0x00007fface740000 - 0x00007fface752000 	C:\Windows\SYSTEM32\kernel.appcore.dll
0x00007ffacfe80000 - 0x00007ffacfe90000 	C:\Program Files\Java\zulu11.50.19-ca-jdk11.0.12-win_x64\bin\verify.dll
0x00007ffacfee0000 - 0x00007ffad00c4000 	C:\Windows\SYSTEM32\DBGHELP.DLL
0x00007ffacfc90000 - 0x00007ffacfcbc000 	C:\Windows\SYSTEM32\dbgcore.DLL
0x00007ffad0b90000 - 0x00007ffad0c12000 	C:\Windows\System32\bcryptPrimitives.dll
0x00007ffac73c0000 - 0x00007ffac73e8000 	C:\Program Files\Java\zulu11.50.19-ca-jdk11.0.12-win_x64\bin\java.dll
0x00007ffaca8a0000 - 0x00007ffaca8aa000 	C:\Program Files\Java\zulu11.50.19-ca-jdk11.0.12-win_x64\bin\jimage.dll
0x00007ffaca770000 - 0x00007ffaca77e000 	C:\Program Files\Java\zulu11.50.19-ca-jdk11.0.12-win_x64\bin\instrument.dll
0x00007ffac7450000 - 0x00007ffac7467000 	C:\Program Files\Java\zulu11.50.19-ca-jdk11.0.12-win_x64\bin\zip.dll
0x00007ffad19d0000 - 0x00007ffad2114000 	C:\Windows\System32\SHELL32.dll
0x00007ffacdf30000 - 0x00007fface6c4000 	C:\Windows\SYSTEM32\windows.storage.dll
0x00007ffad23e0000 - 0x00007ffad2734000 	C:\Windows\System32\combase.dll
0x00007ffacf830000 - 0x00007ffacf85c000 	C:\Windows\SYSTEM32\Wldp.dll
0x00007ffad10d0000 - 0x00007ffad117d000 	C:\Windows\System32\SHCORE.dll
0x00007ffad1230000 - 0x00007ffad1285000 	C:\Windows\System32\shlwapi.dll
0x00007ffad0400000 - 0x00007ffad041f000 	C:\Windows\SYSTEM32\profapi.dll
0x00007ffac5660000 - 0x00007ffac5679000 	C:\Program Files\Java\zulu11.50.19-ca-jdk11.0.12-win_x64\bin\net.dll
0x00007ffac25e0000 - 0x00007ffac26e9000 	C:\Windows\SYSTEM32\WINHTTP.dll
0x00007ffacf590000 - 0x00007ffacf5fa000 	C:\Windows\system32\mswsock.dll
0x00007ffac37d0000 - 0x00007ffac37e2000 	C:\Program Files\Java\zulu11.50.19-ca-jdk11.0.12-win_x64\bin\nio.dll
0x00007ffac2430000 - 0x00007ffac244a000 	C:\Program Files\JetBrains\IntelliJ IDEA Community Edition 2021.3.2\bin\breakgen64.dll

dbghelp: loaded successfully - version: 4.0.5 - missing functions: none
symbol engine: initialized successfully - sym options: 0x614 - pdb path: .;C:\Program Files\Java\zulu11.50.19-ca-jdk11.0.12-win_x64\bin;C:\Windows\SYSTEM32;C:\Windows\WinSxS\amd64_microsoft.windows.common-controls_6595b64144ccf1df_6.0.19041.1110_none_60b5254171f9507e;C:\Program Files\Java\zulu11.50.19-ca-jdk11.0.12-win_x64\bin\server;C:\Program Files\JetBrains\IntelliJ IDEA Community Edition 2021.3.2\bin

VM Arguments:
jvm_args: -ea -Didea.test.cyclic.buffer.size=1048576 -javaagent:C:\Program Files\JetBrains\IntelliJ IDEA Community Edition 2021.3.2\lib\idea_rt.jar=49952:C:\Program Files\JetBrains\IntelliJ IDEA Community Edition 2021.3.2\bin -Dfile.encoding=UTF-8 
java_command: com.intellij.rt.junit.JUnitStarter -ideVersion5 -junit4 com.javaseleniumtemplate.tests.ReportCaseTests,relatarCaso
java_class_path (initial): C:\Program Files\JetBrains\IntelliJ IDEA Community Edition 2021.3.2\lib\idea_rt.jar;C:\Program Files\JetBrains\IntelliJ IDEA Community Edition 2021.3.2\plugins\junit\lib\junit5-rt.jar;C:\Program Files\JetBrains\IntelliJ IDEA Community Edition 2021.3.2\plugins\junit\lib\junit-rt.jar;D:\FELIPE\cursos\Base2Camp\Projeto\bootcampBase2Arquitetura\target\test-classes;C:\Users\marti\.m2\repository\org\seleniumhq\selenium\selenium-java\3.141.59\selenium-java-3.141.59.jar;C:\Users\marti\.m2\repository\org\seleniumhq\selenium\selenium-api\3.141.59\selenium-api-3.141.59.jar;C:\Users\marti\.m2\repository\org\seleniumhq\selenium\selenium-chrome-driver\3.141.59\selenium-chrome-driver-3.141.59.jar;C:\Users\marti\.m2\repository\org\seleniumhq\selenium\selenium-edge-driver\3.141.59\selenium-edge-driver-3.141.59.jar;C:\Users\marti\.m2\repository\org\seleniumhq\selenium\selenium-firefox-driver\3.141.59\selenium-firefox-driver-3.141.59.jar;C:\Users\marti\.m2\repository\org\seleniumhq\selenium\selenium-ie-driver\3.141.59\selenium-ie-driver-3.141.59.jar;C:\Users\marti\.m2\repository\org\seleniumhq\selenium\selenium-opera-driver\3.141.59\selenium-opera-driver-3.141.59.jar;C:\Users\marti\.m2\repository\org\seleniumhq\selenium\selenium-remote-driver\3.141.59\selenium-remote-driver-3.141.59.jar;C:\Users\marti\.m2\repository\org\seleniumhq\selenium\selenium-safari-driver\3.141.59\selenium-safari-driver-3.141.59.jar;C:\Users\marti\.m2\repository\org\seleniumhq\selenium\selenium-support\3.141.59\selenium-support-3.141.59.jar;C:\Users\marti\.m2\repository\net\bytebuddy\byte-buddy\1.8.15\byte-buddy-1.8.15.jar;C:\Users\marti\.m2\repository\org\apache\commons\commons-exec\1.3\commons-exec-1.3.jar;C:\Users\marti\.m2\repository\com\google\guava\guava\25.0-jre\guava-25.0-jre.jar;C:\Users\marti\.m2\repository\com\google\code\findbugs\jsr305\1.3.9\jsr305-1.3.9.jar;C:\Users\marti\.m2\repository\org\checkerframework\checker-compat-qual\2.0.0\checker-compat-qual-2.0.0.jar;C:\Use
Launcher Type: SUN_STANDARD

[Global flags]
     intx CICompilerCount                          = 3                                         {product} {ergonomic}
     uint ConcGCThreads                            = 1                                         {product} {ergonomic}
     uint G1ConcRefinementThreads                  = 4                                         {product} {ergonomic}
   size_t G1HeapRegionSize                         = 1048576                                   {product} {ergonomic}
    uintx GCDrainStackTargetSize                   = 64                                        {product} {ergonomic}
   size_t InitialHeapSize                          = 335544320                                 {product} {ergonomic}
   size_t MarkStackSize                            = 4194304                                   {product} {ergonomic}
   size_t MaxHeapSize                              = 5337251840                                {product} {ergonomic}
   size_t MaxNewSize                               = 3202351104                                {product} {ergonomic}
   size_t MinHeapDeltaBytes                        = 1048576                                   {product} {ergonomic}
    uintx NonNMethodCodeHeapSize                   = 5830732                                {pd product} {ergonomic}
    uintx NonProfiledCodeHeapSize                  = 122913754                              {pd product} {ergonomic}
    uintx ProfiledCodeHeapSize                     = 122913754                              {pd product} {ergonomic}
    uintx ReservedCodeCacheSize                    = 251658240                              {pd product} {ergonomic}
     bool SegmentedCodeCache                       = true                                      {product} {ergonomic}
     bool UseCompressedClassPointers               = true                                 {lp64_product} {ergonomic}
     bool UseCompressedOops                        = true                                 {lp64_product} {ergonomic}
     bool UseG1GC                                  = true                                      {product} {ergonomic}
     bool UseLargePagesIndividualAllocation        = false                                  {pd product} {ergonomic}

Logging:
Log output configuration:
 #0: stdout all=warning uptime,level,tags
 #1: stderr all=off uptime,level,tags

Environment Variables:
JAVA_HOME=C:\Program Files\Java\jdk-11.0.12
PATH=C:\Program Files (x86)\Common Files\Oracle\Java\javapath;C:\Python310\Scripts\;C:\Python310\;C:\Users\marti\AppData\Local\Programs\Python\Python39\Scripts\;C:\Users\marti\AppData\Local\Programs\Python\Python39\;C:\Program Files\Java\zulu11.50.19-ca-jdk11.0.12-win_x64\bin;C:\Program Files\Common Files\Oracle\Java\javapath;C:\Program Files (x86)\Falcon\MinGW\bin;C:\Program Files (x86)\Intel\iCLS Client\;C:\Program Files\Intel\iCLS Client\;C:\Windows\system32;C:\Windows;C:\Windows\System32\Wbem;C:\Windows\System32\WindowsPowerShell\v1.0\;C:\Windows\System32\OpenSSH\;C:\Program Files (x86)\Intel\Intel(R) Management Engine Components\DAL;C:\Program Files\Intel\Intel(R) Management Engine Components\DAL;C:\Program Files (x86)\Intel\Intel(R) Management Engine Components\IPT;C:\Program Files\Intel\Intel(R) Management Engine Components\IPT;C:\Program Files\Java\jdk-11.0.11\bin;C:\Program Files\Microsoft SQL Server\130\Tools\Binn\;C:\Program Files\Microsoft SQL Server\Client SDK\ODBC\170\Tools\Binn\;C:\Program Files (x86)\Microsoft SQL Server\150\Tools\Binn\;C:\Program Files\Microsoft SQL Server\150\Tools\Binn\;C:\Program Files\Microsoft SQL Server\150\DTS\Binn\;C:\Program Files (x86)\Microsoft SQL Server\150\DTS\Binn\;C:\Program Files\Azure Data Studio\bin;C:\ProgramData\UNIVALI\Portugol Studio;C:\ProgramData\chocolatey\bin;C:\Program Files\Microsoft VS Code\bin;C:\Program Files\dotnet\;C:\Program Files\PuTTY\;C:\Program Files\nodejs\;C:\DEVQA\apache-maven-3.8.4\bin;C:\Program Files\Java\jdk-11.0.12\bin;C:\Program Files\Git\cmd;C:\Program Files\MySQL\MySQL Shell 8.0\bin\;C:\Users\marti\AppData\Local\Microsoft\WindowsApps;C:\Program Files\Azure Data Studio\bin;C:\Program Files\heroku\bin;C:\Users\marti\.dotnet\tools;C:\Users\marti\AppData\Roaming\npm
USERNAME=marti
OS=Windows_NT
PROCESSOR_IDENTIFIER=Intel64 Family 6 Model 142 Stepping 9, GenuineIntel



---------------  S Y S T E M  ---------------

OS: Windows 10 , 64 bit Build 19041 (10.0.19041.1566)
OS uptime: 14 days 16:13 hours

CPU:total 4 (initial active 4) (2 cores per cpu, 2 threads per core) family 6 model 142 stepping 9 microcode 0xb4, cmov, cx8, fxsr, mmx, sse, sse2, sse3, ssse3, sse4.1, sse4.2, popcnt, avx, avx2, aes, clmul, erms, 3dnowpref, lzcnt, ht, tsc, tscinvbit, bmi1, bmi2, adx, fma

Memory: 4k page, system-wide physical 20355M (8054M free)
TotalPageFile size 48894M (AvailPageFile size 7M)
current process WorkingSet (physical memory assigned to process): 46M, peak: 46M
current process commit charge ("private bytes"): 399M, peak: 399M

vm_info: OpenJDK 64-Bit Server VM (11.0.12+7-LTS) for windows-amd64 JRE (Zulu11.50+19-CA) (11.0.12+7-LTS), built on Jul 12 2021 10:57:42 by "zulu_re" with MS VC++ 15.9 (VS2017)

END.
